<?xml version="1.0" encoding="UTF-8"?>
<!-- Generated by org.testng.reporters.JUnitXMLReporter -->
<testsuite ignored="5" hostname="BINTERNS-QA33L" failures="1" tests="3" name="Test" time="28.001" errors="0" timestamp="2023-05-10T12:58:01 IST">
  <testcase classname="Test.CartPageTest" name="order_details" time="8.9"/>
  <testcase classname="Test.CartPageTest" name="shipping_and_billing_address_on_orders_page" time="3.046"/>
  <testcase classname="Test.CartPageTest" name="reorder_product" time="16.028">
    <failure type="org.openqa.selenium.ElementNotInteractableException" message="Element &amp;lt;button id=&amp;quot;top-cart-btn-checkout&amp;quot; class=&amp;quot;action primary checkout&amp;quot; type=&amp;quot;button&amp;quot;&amp;gt; could not be scrolled into view
Build info: version: &amp;apos;4.8.1&amp;apos;, revision: &amp;apos;8ebccac989&amp;apos;
System info: os.name: &amp;apos;Windows 10&amp;apos;, os.arch: &amp;apos;amd64&amp;apos;, os.version: &amp;apos;10.0&amp;apos;, java.version: &amp;apos;17.0.5&amp;apos;
Driver info: org.openqa.selenium.firefox.FirefoxDriver
Command: [e74bb80f-39c8-41ca-9888-c352135a5162, clickElement {id=1fa01462-e65d-42fd-9049-eff7fa3311eb}]
Capabilities {acceptInsecureCerts: true, browserName: firefox, browserVersion: 111.0.1, moz:accessibilityChecks: false, moz:buildID: 20230321111920, moz:debuggerAddress: 127.0.0.1:46310, moz:geckodriverVersion: 0.33.0, moz:headless: false, moz:platformVersion: 10.0, moz:processID: 4508, moz:profile: C:\Users\tasharma\AppData\L..., moz:shutdownTimeout: 60000, moz:useNonSpecCompliantPointerOrigin: false, moz:webdriverClick: true, moz:windowless: false, pageLoadStrategy: normal, platformName: WINDOWS, proxy: Proxy(), se:cdp: ws://127.0.0.1:46310/devtoo..., se:cdpVersion: 85.0, setWindowRect: true, strictFileInteractability: false, timeouts: {implicit: 0, pageLoad: 300000, script: 30000}, unhandledPromptBehavior: dismiss and notify}
Element: [[FirefoxDriver: firefox on WINDOWS (e74bb80f-39c8-41ca-9888-c352135a5162)] -&amp;gt; xpath: //button[@title=&amp;apos;Proceed to Checkout&amp;apos;]]
Session ID: e74bb80f-39c8-41ca-9888-c352135a5162">
      <![CDATA[org.openqa.selenium.ElementNotInteractableException: Element <button id="top-cart-btn-checkout" class="action primary checkout" type="button"> could not be scrolled into view
Build info: version: '4.8.1', revision: '8ebccac989'
System info: os.name: 'Windows 10', os.arch: 'amd64', os.version: '10.0', java.version: '17.0.5'
Driver info: org.openqa.selenium.firefox.FirefoxDriver
Command: [e74bb80f-39c8-41ca-9888-c352135a5162, clickElement {id=1fa01462-e65d-42fd-9049-eff7fa3311eb}]
Capabilities {acceptInsecureCerts: true, browserName: firefox, browserVersion: 111.0.1, moz:accessibilityChecks: false, moz:buildID: 20230321111920, moz:debuggerAddress: 127.0.0.1:46310, moz:geckodriverVersion: 0.33.0, moz:headless: false, moz:platformVersion: 10.0, moz:processID: 4508, moz:profile: C:\Users\tasharma\AppData\L..., moz:shutdownTimeout: 60000, moz:useNonSpecCompliantPointerOrigin: false, moz:webdriverClick: true, moz:windowless: false, pageLoadStrategy: normal, platformName: WINDOWS, proxy: Proxy(), se:cdp: ws://127.0.0.1:46310/devtoo..., se:cdpVersion: 85.0, setWindowRect: true, strictFileInteractability: false, timeouts: {implicit: 0, pageLoad: 300000, script: 30000}, unhandledPromptBehavior: dismiss and notify}
Element: [[FirefoxDriver: firefox on WINDOWS (e74bb80f-39c8-41ca-9888-c352135a5162)] -> xpath: //button[@title='Proceed to Checkout']]
Session ID: e74bb80f-39c8-41ca-9888-c352135a5162
at org.openqa.selenium.remote.codec.w3c.W3CHttpResponseCodec.createException(W3CHttpResponseCodec.java:200)
at org.openqa.selenium.remote.codec.w3c.W3CHttpResponseCodec.decode(W3CHttpResponseCodec.java:133)
at org.openqa.selenium.remote.codec.w3c.W3CHttpResponseCodec.decode(W3CHttpResponseCodec.java:53)
at org.openqa.selenium.remote.HttpCommandExecutor.execute(HttpCommandExecutor.java:184)
at org.openqa.selenium.remote.service.DriverCommandExecutor.invokeExecute(DriverCommandExecutor.java:167)
at org.openqa.selenium.remote.service.DriverCommandExecutor.execute(DriverCommandExecutor.java:142)
at org.openqa.selenium.remote.RemoteWebDriver.execute(RemoteWebDriver.java:543)
at org.openqa.selenium.remote.RemoteWebElement.execute(RemoteWebElement.java:257)
at org.openqa.selenium.remote.RemoteWebElement.click(RemoteWebElement.java:78)
at org.openqa.selenium.support.pagefactory.internal.LocatingElementHandler.invoke(LocatingElementHandler.java:52)
at jdk.proxy2/jdk.proxy2.$Proxy15.click(Unknown Source)
at Pages.CartPage.clickOnProceedToCheckout(CartPage.java:159)
at Test.CartPageTest.reorder_product(CartPageTest.java:119)
at java.base/java.util.ArrayList.forEach(ArrayList.java:1511)
... Removed 36 stack frames]]>
    </failure>
  </testcase> <!-- reorder_product -->
  <testcase classname="Test.CartPageTest" name="placeorder_functonality" time="0.0">
    <ignored/>
  </testcase> <!-- placeorder_functonality -->
  <testcase classname="Test.CartPageTest" name="shipping_details" time="0.0">
    <ignored/>
  </testcase> <!-- shipping_details -->
  <testcase classname="Test.CartPageTest" name="add_to_cart_functonality" time="0.0">
    <ignored/>
  </testcase> <!-- add_to_cart_functonality -->
  <testcase classname="Test.CartPageTest" name="apply_discount_functonality" time="0.0">
    <ignored/>
  </testcase> <!-- apply_discount_functonality -->
  <testcase classname="Test.CartPageTest" name="proceed_to_checkout_functonality" time="0.0">
    <ignored/>
  </testcase> <!-- proceed_to_checkout_functonality -->
</testsuite> <!-- Test -->
