<?xml version="1.0" encoding="UTF-8"?>
<testng-results ignored="0" total="15" passed="14" failed="1" skipped="0">
  <reporter-output>
  </reporter-output>
  <suite started-at="2023-05-15T15:20:02 IST" name="Default suite" finished-at="2023-05-15T15:21:27 IST" duration-ms="84854">
    <groups>
    </groups>
    <test started-at="2023-05-15T15:20:02 IST" name="Default test" finished-at="2023-05-15T15:21:27 IST" duration-ms="84854">
      <class name="Test.CustomerLoginTest">
        <test-method is-config="true" signature="Launch()[pri:0, instance:Test.CustomerLoginTest@6e9175d8]" started-at="2023-05-15T15:19:43 IST" name="Launch" finished-at="2023-05-15T15:20:02 IST" duration-ms="19015" status="PASS">
          <reporter-output>
          </reporter-output>
        </test-method> <!-- Launch -->
        <test-method is-config="true" signature="generateReportinit()[pri:0, instance:Test.CustomerLoginTest@6e9175d8]" started-at="2023-05-15T15:20:02 IST" name="generateReportinit" finished-at="2023-05-15T15:20:02 IST" duration-ms="81" status="PASS">
          <reporter-output>
          </reporter-output>
        </test-method> <!-- generateReportinit -->
        <test-method signature="navigate_to_homepage_click_on_signin()[pri:1, instance:Test.CustomerLoginTest@6e9175d8]" started-at="2023-05-15T15:20:02 IST" name="navigate_to_homepage_click_on_signin" finished-at="2023-05-15T15:20:04 IST" duration-ms="2371" status="PASS">
          <reporter-output>
          </reporter-output>
        </test-method> <!-- navigate_to_homepage_click_on_signin -->
        <test-method signature="visibility_customer_login_header()[pri:2, instance:Test.CustomerLoginTest@6e9175d8]" started-at="2023-05-15T15:20:04 IST" name="visibility_customer_login_header" finished-at="2023-05-15T15:20:04 IST" duration-ms="43" status="PASS">
          <reporter-output>
          </reporter-output>
        </test-method> <!-- visibility_customer_login_header -->
        <test-method signature="visibility_registered_customers_header()[pri:3, instance:Test.CustomerLoginTest@6e9175d8]" started-at="2023-05-15T15:20:04 IST" name="visibility_registered_customers_header" finished-at="2023-05-15T15:20:04 IST" duration-ms="22" status="PASS">
          <reporter-output>
          </reporter-output>
        </test-method> <!-- visibility_registered_customers_header -->
        <test-method signature="verify_label_email_on_page()[pri:4, instance:Test.CustomerLoginTest@6e9175d8]" started-at="2023-05-15T15:20:04 IST" name="verify_label_email_on_page" finished-at="2023-05-15T15:20:04 IST" duration-ms="19" status="PASS">
          <reporter-output>
          </reporter-output>
        </test-method> <!-- verify_label_email_on_page -->
        <test-method signature="verify_label_password_on_page()[pri:5, instance:Test.CustomerLoginTest@6e9175d8]" started-at="2023-05-15T15:20:04 IST" name="verify_label_password_on_page" finished-at="2023-05-15T15:20:04 IST" duration-ms="24" status="PASS">
          <reporter-output>
          </reporter-output>
        </test-method> <!-- verify_label_password_on_page -->
        <test-method signature="visibility_try_demo_customer_access_dialog()[pri:6, instance:Test.CustomerLoginTest@6e9175d8]" started-at="2023-05-15T15:20:04 IST" name="visibility_try_demo_customer_access_dialog" finished-at="2023-05-15T15:20:04 IST" duration-ms="20" status="PASS">
          <reporter-output>
          </reporter-output>
        </test-method> <!-- visibility_try_demo_customer_access_dialog -->
        <test-method signature="createanaccountbutton_redirection()[pri:7, instance:Test.CustomerLoginTest@6e9175d8]" started-at="2023-05-15T15:20:04 IST" name="createanaccountbutton_redirection" finished-at="2023-05-15T15:20:13 IST" duration-ms="8238" status="PASS">
          <reporter-output>
          </reporter-output>
        </test-method> <!-- createanaccountbutton_redirection -->
        <test-method signature="forgotyourpasswordbutton_redirection()[pri:8, instance:Test.CustomerLoginTest@6e9175d8]" started-at="2023-05-15T15:20:13 IST" name="forgotyourpasswordbutton_redirection" finished-at="2023-05-15T15:20:24 IST" duration-ms="10910" status="FAIL">
          <exception class="java.lang.AssertionError">
            <message>
              <![CDATA[expected [Forgot Your Password?] but found [Customer Login]]]>
            </message>
            <full-stacktrace>
              <![CDATA[java.lang.AssertionError: expected [Forgot Your Password?] but found [Customer Login]
at org.testng.Assert.fail(Assert.java:110)
at org.testng.Assert.failNotEquals(Assert.java:1577)
at org.testng.Assert.assertEqualsImpl(Assert.java:149)
at org.testng.Assert.assertEquals(Assert.java:131)
at org.testng.Assert.assertEquals(Assert.java:655)
at org.testng.Assert.assertEquals(Assert.java:665)
at Test.CustomerLoginTest.forgotyourpasswordbutton_redirection(CustomerLoginTest.java:195)
at java.base/jdk.internal.reflect.NativeMethodAccessorImpl.invoke0(Native Method)
at java.base/jdk.internal.reflect.NativeMethodAccessorImpl.invoke(NativeMethodAccessorImpl.java:77)
at java.base/jdk.internal.reflect.DelegatingMethodAccessorImpl.invoke(DelegatingMethodAccessorImpl.java:43)
at java.base/java.lang.reflect.Method.invoke(Method.java:568)
at org.testng.internal.invokers.MethodInvocationHelper.invokeMethod(MethodInvocationHelper.java:139)
at org.testng.internal.invokers.TestInvoker.invokeMethod(TestInvoker.java:677)
at org.testng.internal.invokers.TestInvoker.invokeTestMethod(TestInvoker.java:221)
at org.testng.internal.invokers.MethodRunner.runInSequence(MethodRunner.java:50)
at org.testng.internal.invokers.TestInvoker$MethodInvocationAgent.invoke(TestInvoker.java:969)
at org.testng.internal.invokers.TestInvoker.invokeTestMethods(TestInvoker.java:194)
at org.testng.internal.invokers.TestMethodWorker.invokeTestMethods(TestMethodWorker.java:148)
at org.testng.internal.invokers.TestMethodWorker.run(TestMethodWorker.java:128)
at java.base/java.util.ArrayList.forEach(ArrayList.java:1511)
at org.testng.TestRunner.privateRun(TestRunner.java:829)
at org.testng.TestRunner.run(TestRunner.java:602)
at org.testng.SuiteRunner.runTest(SuiteRunner.java:437)
at org.testng.SuiteRunner.runSequentially(SuiteRunner.java:431)
at org.testng.SuiteRunner.privateRun(SuiteRunner.java:391)
at org.testng.SuiteRunner.run(SuiteRunner.java:330)
at org.testng.SuiteRunnerWorker.runSuite(SuiteRunnerWorker.java:52)
at org.testng.SuiteRunnerWorker.run(SuiteRunnerWorker.java:95)
at org.testng.TestNG.runSuitesSequentially(TestNG.java:1256)
at org.testng.TestNG.runSuitesLocally(TestNG.java:1176)
at org.testng.TestNG.runSuites(TestNG.java:1099)
at org.testng.TestNG.run(TestNG.java:1067)
at org.testng.remote.AbstractRemoteTestNG.run(AbstractRemoteTestNG.java:115)
at org.testng.remote.RemoteTestNG.initAndRun(RemoteTestNG.java:251)
at org.testng.remote.RemoteTestNG.main(RemoteTestNG.java:77)
]]>
            </full-stacktrace>
          </exception> <!-- java.lang.AssertionError -->
          <reporter-output>
          </reporter-output>
        </test-method> <!-- forgotyourpasswordbutton_redirection -->
        <test-method signature="sign_in_with_invalid_credentials()[pri:9, instance:Test.CustomerLoginTest@6e9175d8]" started-at="2023-05-15T15:20:24 IST" name="sign_in_with_invalid_credentials" finished-at="2023-05-15T15:20:34 IST" duration-ms="10108" status="PASS">
          <reporter-output>
          </reporter-output>
        </test-method> <!-- sign_in_with_invalid_credentials -->
        <test-method signature="sign_in_with_invalid_email()[pri:10, instance:Test.CustomerLoginTest@6e9175d8]" started-at="2023-05-15T15:20:34 IST" name="sign_in_with_invalid_email" finished-at="2023-05-15T15:20:46 IST" duration-ms="11953" status="PASS">
          <reporter-output>
          </reporter-output>
        </test-method> <!-- sign_in_with_invalid_email -->
        <test-method signature="sign_in_with_invalid_password()[pri:11, instance:Test.CustomerLoginTest@6e9175d8]" started-at="2023-05-15T15:20:46 IST" name="sign_in_with_invalid_password" finished-at="2023-05-15T15:21:01 IST" duration-ms="15047" status="PASS">
          <reporter-output>
          </reporter-output>
        </test-method> <!-- sign_in_with_invalid_password -->
        <test-method signature="sign_in_with_blank_email()[pri:12, instance:Test.CustomerLoginTest@6e9175d8]" started-at="2023-05-15T15:21:01 IST" name="sign_in_with_blank_email" finished-at="2023-05-15T15:21:07 IST" duration-ms="6647" status="PASS">
          <reporter-output>
          </reporter-output>
        </test-method> <!-- sign_in_with_blank_email -->
        <test-method signature="sign_in_with_Blank_password()[pri:13, instance:Test.CustomerLoginTest@6e9175d8]" started-at="2023-05-15T15:21:07 IST" name="sign_in_with_Blank_password" finished-at="2023-05-15T15:21:17 IST" duration-ms="9974" status="PASS">
          <reporter-output>
          </reporter-output>
        </test-method> <!-- sign_in_with_Blank_password -->
        <test-method signature="sign_in_with_Blank_credentials()[pri:14, instance:Test.CustomerLoginTest@6e9175d8]" started-at="2023-05-15T15:21:17 IST" name="sign_in_with_Blank_credentials" finished-at="2023-05-15T15:21:20 IST" duration-ms="2311" status="PASS">
          <reporter-output>
          </reporter-output>
        </test-method> <!-- sign_in_with_Blank_credentials -->
        <test-method signature="sign_in_with_valid_credentials()[pri:15, instance:Test.CustomerLoginTest@6e9175d8]" started-at="2023-05-15T15:21:20 IST" name="sign_in_with_valid_credentials" finished-at="2023-05-15T15:21:26 IST" duration-ms="6862" status="PASS">
          <reporter-output>
          </reporter-output>
        </test-method> <!-- sign_in_with_valid_credentials -->
        <test-method is-config="true" signature="generateReportend()[pri:0, instance:Test.CustomerLoginTest@6e9175d8]" started-at="2023-05-15T15:21:26 IST" name="generateReportend" finished-at="2023-05-15T15:21:27 IST" duration-ms="171" status="PASS">
          <reporter-output>
          </reporter-output>
        </test-method> <!-- generateReportend -->
        <test-method is-config="true" signature="Close_quit()[pri:0, instance:Test.CustomerLoginTest@6e9175d8]" started-at="2023-05-15T15:21:27 IST" name="Close_quit" finished-at="2023-05-15T15:21:28 IST" duration-ms="968" status="PASS">
          <reporter-output>
          </reporter-output>
        </test-method> <!-- Close_quit -->
      </class> <!-- Test.CustomerLoginTest -->
    </test> <!-- Default test -->
  </suite> <!-- Default suite -->
</testng-results>
